<?xml version="1.0" encoding="UTF-8"?>
<testsuite xmlns:xsi="http://www.w3.org/2001/XMLSchema-instance" xsi:noNamespaceSchemaLocation="https://maven.apache.org/surefire/maven-surefire-plugin/xsd/surefire-test-report.xsd" version="3.0.2" name="br.com.telico.classroom_service.service.ClassroomServiceTest" time="21.799" tests="6" errors="6" skipped="0" failures="0" flakes="0">
  <properties>
[...]
</properties>
  <testcase name="shouldThrowClassroomNotFoundExceptionWhenClassroomDoesNotExist" classname="br.com.telico.classroom_service.service.ClassroomServiceTest" time="21.724">
    <error message="Could not initialize plugin: interface org.mockito.plugins.MockMaker (alternate: null)" type="java.lang.IllegalStateException"><![CDATA[java.lang.IllegalStateException: Could not initialize plugin: interface org.mockito.plugins.MockMaker (alternate: null)
	at org.mockito.internal.configuration.plugins.PluginLoader$1.invoke(PluginLoader.java:85)
	at jdk.proxy2/jdk.proxy2.$Proxy27.isTypeMockable(Unknown Source)
	at org.mockito.internal.util.MockUtil.typeMockabilityOf(MockUtil.java:78)
	at org.mockito.internal.util.MockCreationValidator.validateType(MockCreationValidator.java:22)
	at org.mockito.internal.creation.MockSettingsImpl.validatedSettings(MockSettingsImpl.java:275)
	at org.mockito.internal.creation.MockSettingsImpl.build(MockSettingsImpl.java:236)
	at org.mockito.internal.MockitoCore.mock(MockitoCore.java:82)
	at org.mockito.Mockito.mock(Mockito.java:2198)
	at org.mockito.Mockito.mock(Mockito.java:2113)
	at br.com.telico.classroom_service.service.ClassroomServiceTest.shouldThrowClassroomNotFoundExceptionWhenClassroomDoesNotExist(ClassroomServiceTest.java:105)
Caused by: java.lang.IllegalStateException: Internal problem occurred, please report it. Mockito is unable to load the default implementation of class that is a part of Mockito distribution. Failed to load interface org.mockito.plugins.MockMaker
	at org.mockito.internal.configuration.plugins.DefaultMockitoPlugins.create(DefaultMockitoPlugins.java:105)
	at org.mockito.internal.configuration.plugins.DefaultMockitoPlugins.getDefaultPlugin(DefaultMockitoPlugins.java:79)
	at org.mockito.internal.configuration.plugins.PluginLoader.loadPlugin(PluginLoader.java:75)
	at org.mockito.internal.configuration.plugins.PluginLoader.loadPlugin(PluginLoader.java:49)
	at org.mockito.internal.configuration.plugins.PluginRegistry.<init>(PluginRegistry.java:29)
	at org.mockito.internal.configuration.plugins.Plugins.<clinit>(Plugins.java:26)
	at org.mockito.internal.MockitoCore.<clinit>(MockitoCore.java:71)
	at org.mockito.Mockito.<clinit>(Mockito.java:1777)
	... 1 more
Caused by: java.lang.reflect.InvocationTargetException
	at java.base/jdk.internal.reflect.DirectConstructorHandleAccessor.newInstance(DirectConstructorHandleAccessor.java:74)
	at java.base/java.lang.reflect.Constructor.newInstanceWithCaller(Constructor.java:502)
	at java.base/java.lang.reflect.Constructor.newInstance(Constructor.java:486)
	at org.mockito.internal.configuration.plugins.DefaultMockitoPlugins.create(DefaultMockitoPlugins.java:103)
	... 8 more
Caused by: org.mockito.exceptions.base.MockitoInitializationException: 
Could not initialize inline Byte Buddy mock maker.

It appears as if your JDK does not supply a working agent attachment mechanism.
Java               : 21
JVM vendor name    : Eclipse Adoptium
JVM vendor version : 21.0.8+9-LTS
JVM name           : OpenJDK 64-Bit Server VM
JVM version        : 21.0.8+9-LTS
JVM info           : mixed mode, sharing
OS name            : Linux
OS version         : 6.17.9-76061709-generic

	at org.mockito.internal.creation.bytebuddy.InlineDelegateByteBuddyMockMaker.<init>(InlineDelegateByteBuddyMockMaker.java:275)
	at org.mockito.internal.creation.bytebuddy.InlineByteBuddyMockMaker.<init>(InlineByteBuddyMockMaker.java:23)
	at java.base/jdk.internal.reflect.DirectConstructorHandleAccessor.newInstance(DirectConstructorHandleAccessor.java:62)
	... 11 more
Caused by: java.lang.IllegalStateException: Could not self-attach to current VM using external process - set a property net.bytebuddy.agent.attacher.dump to dump the process output to a file at the specified location
	at net.bytebuddy.agent.ByteBuddyAgent.installExternal(ByteBuddyAgent.java:672)
	at net.bytebuddy.agent.ByteBuddyAgent.install(ByteBuddyAgent.java:599)
	at net.bytebuddy.agent.ByteBuddyAgent.install(ByteBuddyAgent.java:579)
	at net.bytebuddy.agent.ByteBuddyAgent.install(ByteBuddyAgent.java:531)
	at net.bytebuddy.agent.ByteBuddyAgent.install(ByteBuddyAgent.java:508)
	at org.mockito.internal.PremainAttachAccess.getInstrumentation(PremainAttachAccess.java:80)
	at org.mockito.internal.creation.bytebuddy.InlineDelegateByteBuddyMockMaker.<clinit>(InlineDelegateByteBuddyMockMaker.java:138)
	... 13 more
]]></error>
    <system-err><![CDATA[Mockito is currently self-attaching to enable the inline-mock-maker. This will no longer work in future releases of the JDK. Please add Mockito as an agent to your build as described in Mockito's documentation: https://javadoc.io/doc/org.mockito/mockito-core/latest/org.mockito/org/mockito/Mockito.html#0.3
Mockito is currently self-attaching to enable the inline-mock-maker. This will no longer work in future releases of the JDK. Please add Mockito as an agent to your build as described in Mockito's documentation: https://javadoc.io/doc/org.mockito/mockito-core/latest/org.mockito/org/mockito/Mockito.html#0.3
]]></system-err>
  </testcase>
  <testcase name="shouldReturnClassroomById" classname="br.com.telico.classroom_service.service.ClassroomServiceTest" time="0.012">
    <error message="Could not initialize plugin: interface org.mockito.plugins.MockMaker (alternate: null)" type="java.lang.IllegalStateException"><![CDATA[java.lang.IllegalStateException: Could not initialize plugin: interface org.mockito.plugins.MockMaker (alternate: null)
	at org.mockito.internal.configuration.plugins.PluginLoader$1.invoke(PluginLoader.java:85)
	at jdk.proxy2/jdk.proxy2.$Proxy27.isTypeMockable(Unknown Source)
	at org.mockito.internal.util.MockUtil.typeMockabilityOf(MockUtil.java:78)
	at org.mockito.internal.util.MockCreationValidator.validateType(MockCreationValidator.java:22)
	at org.mockito.internal.creation.MockSettingsImpl.validatedSettings(MockSettingsImpl.java:275)
	at org.mockito.internal.creation.MockSettingsImpl.build(MockSettingsImpl.java:236)
	at org.mockito.internal.MockitoCore.mock(MockitoCore.java:82)
	at org.mockito.Mockito.mock(Mockito.java:2198)
	at org.mockito.Mockito.mock(Mockito.java:2113)
	at br.com.telico.classroom_service.service.ClassroomServiceTest.shouldReturnClassroomById(ClassroomServiceTest.java:39)
Caused by: java.lang.IllegalStateException: Internal problem occurred, please report it. Mockito is unable to load the default implementation of class that is a part of Mockito distribution. Failed to load interface org.mockito.plugins.MockMaker
	at org.mockito.internal.configuration.plugins.DefaultMockitoPlugins.create(DefaultMockitoPlugins.java:105)
	at org.mockito.internal.configuration.plugins.DefaultMockitoPlugins.getDefaultPlugin(DefaultMockitoPlugins.java:79)
	at org.mockito.internal.configuration.plugins.PluginLoader.loadPlugin(PluginLoader.java:75)
	at org.mockito.internal.configuration.plugins.PluginLoader.loadPlugin(PluginLoader.java:49)
	at org.mockito.internal.configuration.plugins.PluginRegistry.<init>(PluginRegistry.java:29)
	at org.mockito.internal.configuration.plugins.Plugins.<clinit>(Plugins.java:26)
	at org.mockito.internal.MockitoCore.<clinit>(MockitoCore.java:71)
	at org.mockito.Mockito.<clinit>(Mockito.java:1777)
	at br.com.telico.classroom_service.service.ClassroomServiceTest.shouldThrowClassroomNotFoundExceptionWhenClassroomDoesNotExist(ClassroomServiceTest.java:105)
Caused by: java.lang.reflect.InvocationTargetException
	at java.base/jdk.internal.reflect.DirectConstructorHandleAccessor.newInstance(DirectConstructorHandleAccessor.java:74)
	at java.base/java.lang.reflect.Constructor.newInstanceWithCaller(Constructor.java:502)
	at java.base/java.lang.reflect.Constructor.newInstance(Constructor.java:486)
	at org.mockito.internal.configuration.plugins.DefaultMockitoPlugins.create(DefaultMockitoPlugins.java:103)
	... 8 more
Caused by: org.mockito.exceptions.base.MockitoInitializationException: 
Could not initialize inline Byte Buddy mock maker.

It appears as if your JDK does not supply a working agent attachment mechanism.
Java               : 21
JVM vendor name    : Eclipse Adoptium
JVM vendor version : 21.0.8+9-LTS
JVM name           : OpenJDK 64-Bit Server VM
JVM version        : 21.0.8+9-LTS
JVM info           : mixed mode, sharing
OS name            : Linux
OS version         : 6.17.9-76061709-generic

	at org.mockito.internal.creation.bytebuddy.InlineDelegateByteBuddyMockMaker.<init>(InlineDelegateByteBuddyMockMaker.java:275)
	at org.mockito.internal.creation.bytebuddy.InlineByteBuddyMockMaker.<init>(InlineByteBuddyMockMaker.java:23)
	at java.base/jdk.internal.reflect.DirectConstructorHandleAccessor.newInstance(DirectConstructorHandleAccessor.java:62)
	... 11 more
Caused by: java.lang.IllegalStateException: Could not self-attach to current VM using external process - set a property net.bytebuddy.agent.attacher.dump to dump the process output to a file at the specified location
	at net.bytebuddy.agent.ByteBuddyAgent.installExternal(ByteBuddyAgent.java:672)
	at net.bytebuddy.agent.ByteBuddyAgent.install(ByteBuddyAgent.java:599)
	at net.bytebuddy.agent.ByteBuddyAgent.install(ByteBuddyAgent.java:579)
	at net.bytebuddy.agent.ByteBuddyAgent.install(ByteBuddyAgent.java:531)
	at net.bytebuddy.agent.ByteBuddyAgent.install(ByteBuddyAgent.java:508)
	at org.mockito.internal.PremainAttachAccess.getInstrumentation(PremainAttachAccess.java:80)
	at org.mockito.internal.creation.bytebuddy.InlineDelegateByteBuddyMockMaker.<clinit>(InlineDelegateByteBuddyMockMaker.java:138)
	... 13 more
]]></error>
  </testcase>
  <testcase name="shouldDeleteClassroom" classname="br.com.telico.classroom_service.service.ClassroomServiceTest" time="0.002">
    <error message="Could not initialize plugin: interface org.mockito.plugins.MockMaker (alternate: null)" type="java.lang.IllegalStateException"><![CDATA[java.lang.IllegalStateException: Could not initialize plugin: interface org.mockito.plugins.MockMaker (alternate: null)
	at org.mockito.internal.configuration.plugins.PluginLoader$1.invoke(PluginLoader.java:85)
	at jdk.proxy2/jdk.proxy2.$Proxy27.isTypeMockable(Unknown Source)
	at org.mockito.internal.util.MockUtil.typeMockabilityOf(MockUtil.java:78)
	at org.mockito.internal.util.MockCreationValidator.validateType(MockCreationValidator.java:22)
	at org.mockito.internal.creation.MockSettingsImpl.validatedSettings(MockSettingsImpl.java:275)
	at org.mockito.internal.creation.MockSettingsImpl.build(MockSettingsImpl.java:236)
	at org.mockito.internal.MockitoCore.mock(MockitoCore.java:82)
	at org.mockito.Mockito.mock(Mockito.java:2198)
	at org.mockito.Mockito.mock(Mockito.java:2113)
	at br.com.telico.classroom_service.service.ClassroomServiceTest.shouldDeleteClassroom(ClassroomServiceTest.java:91)
Caused by: java.lang.IllegalStateException: Internal problem occurred, please report it. Mockito is unable to load the default implementation of class that is a part of Mockito distribution. Failed to load interface org.mockito.plugins.MockMaker
	at org.mockito.internal.configuration.plugins.DefaultMockitoPlugins.create(DefaultMockitoPlugins.java:105)
	at org.mockito.internal.configuration.plugins.DefaultMockitoPlugins.getDefaultPlugin(DefaultMockitoPlugins.java:79)
	at org.mockito.internal.configuration.plugins.PluginLoader.loadPlugin(PluginLoader.java:75)
	at org.mockito.internal.configuration.plugins.PluginLoader.loadPlugin(PluginLoader.java:49)
	at org.mockito.internal.configuration.plugins.PluginRegistry.<init>(PluginRegistry.java:29)
	at org.mockito.internal.configuration.plugins.Plugins.<clinit>(Plugins.java:26)
	at org.mockito.internal.MockitoCore.<clinit>(MockitoCore.java:71)
	at org.mockito.Mockito.<clinit>(Mockito.java:1777)
	at br.com.telico.classroom_service.service.ClassroomServiceTest.shouldThrowClassroomNotFoundExceptionWhenClassroomDoesNotExist(ClassroomServiceTest.java:105)
Caused by: java.lang.reflect.InvocationTargetException
	at java.base/jdk.internal.reflect.DirectConstructorHandleAccessor.newInstance(DirectConstructorHandleAccessor.java:74)
	at java.base/java.lang.reflect.Constructor.newInstanceWithCaller(Constructor.java:502)
	at java.base/java.lang.reflect.Constructor.newInstance(Constructor.java:486)
	at org.mockito.internal.configuration.plugins.DefaultMockitoPlugins.create(DefaultMockitoPlugins.java:103)
	... 8 more
Caused by: org.mockito.exceptions.base.MockitoInitializationException: 
Could not initialize inline Byte Buddy mock maker.

It appears as if your JDK does not supply a working agent attachment mechanism.
Java               : 21
JVM vendor name    : Eclipse Adoptium
JVM vendor version : 21.0.8+9-LTS
JVM name           : OpenJDK 64-Bit Server VM
JVM version        : 21.0.8+9-LTS
JVM info           : mixed mode, sharing
OS name            : Linux
OS version         : 6.17.9-76061709-generic

	at org.mockito.internal.creation.bytebuddy.InlineDelegateByteBuddyMockMaker.<init>(InlineDelegateByteBuddyMockMaker.java:275)
	at org.mockito.internal.creation.bytebuddy.InlineByteBuddyMockMaker.<init>(InlineByteBuddyMockMaker.java:23)
	at java.base/jdk.internal.reflect.DirectConstructorHandleAccessor.newInstance(DirectConstructorHandleAccessor.java:62)
	... 11 more
Caused by: java.lang.IllegalStateException: Could not self-attach to current VM using external process - set a property net.bytebuddy.agent.attacher.dump to dump the process output to a file at the specified location
	at net.bytebuddy.agent.ByteBuddyAgent.installExternal(ByteBuddyAgent.java:672)
	at net.bytebuddy.agent.ByteBuddyAgent.install(ByteBuddyAgent.java:599)
	at net.bytebuddy.agent.ByteBuddyAgent.install(ByteBuddyAgent.java:579)
	at net.bytebuddy.agent.ByteBuddyAgent.install(ByteBuddyAgent.java:531)
	at net.bytebuddy.agent.ByteBuddyAgent.install(ByteBuddyAgent.java:508)
	at org.mockito.internal.PremainAttachAccess.getInstrumentation(PremainAttachAccess.java:80)
	at org.mockito.internal.creation.bytebuddy.InlineDelegateByteBuddyMockMaker.<clinit>(InlineDelegateByteBuddyMockMaker.java:138)
	... 13 more
]]></error>
  </testcase>
  <testcase name="shouldUpdateClassroom" classname="br.com.telico.classroom_service.service.ClassroomServiceTest" time="0.004">
    <error message="Could not initialize plugin: interface org.mockito.plugins.MockMaker (alternate: null)" type="java.lang.IllegalStateException"><![CDATA[java.lang.IllegalStateException: Could not initialize plugin: interface org.mockito.plugins.MockMaker (alternate: null)
	at org.mockito.internal.configuration.plugins.PluginLoader$1.invoke(PluginLoader.java:85)
	at jdk.proxy2/jdk.proxy2.$Proxy27.isTypeMockable(Unknown Source)
	at org.mockito.internal.util.MockUtil.typeMockabilityOf(MockUtil.java:78)
	at org.mockito.internal.util.MockCreationValidator.validateType(MockCreationValidator.java:22)
	at org.mockito.internal.creation.MockSettingsImpl.validatedSettings(MockSettingsImpl.java:275)
	at org.mockito.internal.creation.MockSettingsImpl.build(MockSettingsImpl.java:236)
	at org.mockito.internal.MockitoCore.mock(MockitoCore.java:82)
	at org.mockito.Mockito.mock(Mockito.java:2198)
	at org.mockito.Mockito.mock(Mockito.java:2113)
	at br.com.telico.classroom_service.service.ClassroomServiceTest.shouldUpdateClassroom(ClassroomServiceTest.java:71)
Caused by: java.lang.IllegalStateException: Internal problem occurred, please report it. Mockito is unable to load the default implementation of class that is a part of Mockito distribution. Failed to load interface org.mockito.plugins.MockMaker
	at org.mockito.internal.configuration.plugins.DefaultMockitoPlugins.create(DefaultMockitoPlugins.java:105)
	at org.mockito.internal.configuration.plugins.DefaultMockitoPlugins.getDefaultPlugin(DefaultMockitoPlugins.java:79)
	at org.mockito.internal.configuration.plugins.PluginLoader.loadPlugin(PluginLoader.java:75)
	at org.mockito.internal.configuration.plugins.PluginLoader.loadPlugin(PluginLoader.java:49)
	at org.mockito.internal.configuration.plugins.PluginRegistry.<init>(PluginRegistry.java:29)
	at org.mockito.internal.configuration.plugins.Plugins.<clinit>(Plugins.java:26)
	at org.mockito.internal.MockitoCore.<clinit>(MockitoCore.java:71)
	at org.mockito.Mockito.<clinit>(Mockito.java:1777)
	at br.com.telico.classroom_service.service.ClassroomServiceTest.shouldThrowClassroomNotFoundExceptionWhenClassroomDoesNotExist(ClassroomServiceTest.java:105)
Caused by: java.lang.reflect.InvocationTargetException
	at java.base/jdk.internal.reflect.DirectConstructorHandleAccessor.newInstance(DirectConstructorHandleAccessor.java:74)
	at java.base/java.lang.reflect.Constructor.newInstanceWithCaller(Constructor.java:502)
	at java.base/java.lang.reflect.Constructor.newInstance(Constructor.java:486)
	at org.mockito.internal.configuration.plugins.DefaultMockitoPlugins.create(DefaultMockitoPlugins.java:103)
	... 8 more
Caused by: org.mockito.exceptions.base.MockitoInitializationException: 
Could not initialize inline Byte Buddy mock maker.

It appears as if your JDK does not supply a working agent attachment mechanism.
Java               : 21
JVM vendor name    : Eclipse Adoptium
JVM vendor version : 21.0.8+9-LTS
JVM name           : OpenJDK 64-Bit Server VM
JVM version        : 21.0.8+9-LTS
JVM info           : mixed mode, sharing
OS name            : Linux
OS version         : 6.17.9-76061709-generic

	at org.mockito.internal.creation.bytebuddy.InlineDelegateByteBuddyMockMaker.<init>(InlineDelegateByteBuddyMockMaker.java:275)
	at org.mockito.internal.creation.bytebuddy.InlineByteBuddyMockMaker.<init>(InlineByteBuddyMockMaker.java:23)
	at java.base/jdk.internal.reflect.DirectConstructorHandleAccessor.newInstance(DirectConstructorHandleAccessor.java:62)
	... 11 more
Caused by: java.lang.IllegalStateException: Could not self-attach to current VM using external process - set a property net.bytebuddy.agent.attacher.dump to dump the process output to a file at the specified location
	at net.bytebuddy.agent.ByteBuddyAgent.installExternal(ByteBuddyAgent.java:672)
	at net.bytebuddy.agent.ByteBuddyAgent.install(ByteBuddyAgent.java:599)
	at net.bytebuddy.agent.ByteBuddyAgent.install(ByteBuddyAgent.java:579)
	at net.bytebuddy.agent.ByteBuddyAgent.install(ByteBuddyAgent.java:531)
	at net.bytebuddy.agent.ByteBuddyAgent.install(ByteBuddyAgent.java:508)
	at org.mockito.internal.PremainAttachAccess.getInstrumentation(PremainAttachAccess.java:80)
	at org.mockito.internal.creation.bytebuddy.InlineDelegateByteBuddyMockMaker.<clinit>(InlineDelegateByteBuddyMockMaker.java:138)
	... 13 more
]]></error>
  </testcase>
  <testcase name="shouldCreateClassroom" classname="br.com.telico.classroom_service.service.ClassroomServiceTest" time="0.004">
    <error message="Could not initialize plugin: interface org.mockito.plugins.MockMaker (alternate: null)" type="java.lang.IllegalStateException"><![CDATA[java.lang.IllegalStateException: Could not initialize plugin: interface org.mockito.plugins.MockMaker (alternate: null)
	at org.mockito.internal.configuration.plugins.PluginLoader$1.invoke(PluginLoader.java:85)
	at jdk.proxy2/jdk.proxy2.$Proxy27.isTypeMockable(Unknown Source)
	at org.mockito.internal.util.MockUtil.typeMockabilityOf(MockUtil.java:78)
	at org.mockito.internal.util.MockCreationValidator.validateType(MockCreationValidator.java:22)
	at org.mockito.internal.creation.MockSettingsImpl.validatedSettings(MockSettingsImpl.java:275)
	at org.mockito.internal.creation.MockSettingsImpl.build(MockSettingsImpl.java:236)
	at org.mockito.internal.MockitoCore.mock(MockitoCore.java:82)
	at org.mockito.Mockito.mock(Mockito.java:2198)
	at org.mockito.Mockito.mock(Mockito.java:2113)
	at br.com.telico.classroom_service.service.ClassroomServiceTest.shouldCreateClassroom(ClassroomServiceTest.java:54)
Caused by: java.lang.IllegalStateException: Internal problem occurred, please report it. Mockito is unable to load the default implementation of class that is a part of Mockito distribution. Failed to load interface org.mockito.plugins.MockMaker
	at org.mockito.internal.configuration.plugins.DefaultMockitoPlugins.create(DefaultMockitoPlugins.java:105)
	at org.mockito.internal.configuration.plugins.DefaultMockitoPlugins.getDefaultPlugin(DefaultMockitoPlugins.java:79)
	at org.mockito.internal.configuration.plugins.PluginLoader.loadPlugin(PluginLoader.java:75)
	at org.mockito.internal.configuration.plugins.PluginLoader.loadPlugin(PluginLoader.java:49)
	at org.mockito.internal.configuration.plugins.PluginRegistry.<init>(PluginRegistry.java:29)
	at org.mockito.internal.configuration.plugins.Plugins.<clinit>(Plugins.java:26)
	at org.mockito.internal.MockitoCore.<clinit>(MockitoCore.java:71)
	at org.mockito.Mockito.<clinit>(Mockito.java:1777)
	at br.com.telico.classroom_service.service.ClassroomServiceTest.shouldThrowClassroomNotFoundExceptionWhenClassroomDoesNotExist(ClassroomServiceTest.java:105)
Caused by: java.lang.reflect.InvocationTargetException
	at java.base/jdk.internal.reflect.DirectConstructorHandleAccessor.newInstance(DirectConstructorHandleAccessor.java:74)
	at java.base/java.lang.reflect.Constructor.newInstanceWithCaller(Constructor.java:502)
	at java.base/java.lang.reflect.Constructor.newInstance(Constructor.java:486)
	at org.mockito.internal.configuration.plugins.DefaultMockitoPlugins.create(DefaultMockitoPlugins.java:103)
	... 8 more
Caused by: org.mockito.exceptions.base.MockitoInitializationException: 
Could not initialize inline Byte Buddy mock maker.

It appears as if your JDK does not supply a working agent attachment mechanism.
Java               : 21
JVM vendor name    : Eclipse Adoptium
JVM vendor version : 21.0.8+9-LTS
JVM name           : OpenJDK 64-Bit Server VM
JVM version        : 21.0.8+9-LTS
JVM info           : mixed mode, sharing
OS name            : Linux
OS version         : 6.17.9-76061709-generic

	at org.mockito.internal.creation.bytebuddy.InlineDelegateByteBuddyMockMaker.<init>(InlineDelegateByteBuddyMockMaker.java:275)
	at org.mockito.internal.creation.bytebuddy.InlineByteBuddyMockMaker.<init>(InlineByteBuddyMockMaker.java:23)
	at java.base/jdk.internal.reflect.DirectConstructorHandleAccessor.newInstance(DirectConstructorHandleAccessor.java:62)
	... 11 more
Caused by: java.lang.IllegalStateException: Could not self-attach to current VM using external process - set a property net.bytebuddy.agent.attacher.dump to dump the process output to a file at the specified location
	at net.bytebuddy.agent.ByteBuddyAgent.installExternal(ByteBuddyAgent.java:672)
	at net.bytebuddy.agent.ByteBuddyAgent.install(ByteBuddyAgent.java:599)
	at net.bytebuddy.agent.ByteBuddyAgent.install(ByteBuddyAgent.java:579)
	at net.bytebuddy.agent.ByteBuddyAgent.install(ByteBuddyAgent.java:531)
	at net.bytebuddy.agent.ByteBuddyAgent.install(ByteBuddyAgent.java:508)
	at org.mockito.internal.PremainAttachAccess.getInstrumentation(PremainAttachAccess.java:80)
	at org.mockito.internal.creation.bytebuddy.InlineDelegateByteBuddyMockMaker.<clinit>(InlineDelegateByteBuddyMockMaker.java:138)
	... 13 more
]]></error>
  </testcase>
  <testcase name="shouldReturnAllClassrooms" classname="br.com.telico.classroom_service.service.ClassroomServiceTest" time="0.003">
    <error message="Could not initialize plugin: interface org.mockito.plugins.MockMaker (alternate: null)" type="java.lang.IllegalStateException"><![CDATA[java.lang.IllegalStateException: Could not initialize plugin: interface org.mockito.plugins.MockMaker (alternate: null)
	at org.mockito.internal.configuration.plugins.PluginLoader$1.invoke(PluginLoader.java:85)
	at jdk.proxy2/jdk.proxy2.$Proxy27.isTypeMockable(Unknown Source)
	at org.mockito.internal.util.MockUtil.typeMockabilityOf(MockUtil.java:78)
	at org.mockito.internal.util.MockCreationValidator.validateType(MockCreationValidator.java:22)
	at org.mockito.internal.creation.MockSettingsImpl.validatedSettings(MockSettingsImpl.java:275)
	at org.mockito.internal.creation.MockSettingsImpl.build(MockSettingsImpl.java:236)
	at org.mockito.internal.MockitoCore.mock(MockitoCore.java:82)
	at org.mockito.Mockito.mock(Mockito.java:2198)
	at org.mockito.Mockito.mock(Mockito.java:2113)
	at br.com.telico.classroom_service.service.ClassroomServiceTest.shouldReturnAllClassrooms(ClassroomServiceTest.java:23)
Caused by: java.lang.IllegalStateException: Internal problem occurred, please report it. Mockito is unable to load the default implementation of class that is a part of Mockito distribution. Failed to load interface org.mockito.plugins.MockMaker
	at org.mockito.internal.configuration.plugins.DefaultMockitoPlugins.create(DefaultMockitoPlugins.java:105)
	at org.mockito.internal.configuration.plugins.DefaultMockitoPlugins.getDefaultPlugin(DefaultMockitoPlugins.java:79)
	at org.mockito.internal.configuration.plugins.PluginLoader.loadPlugin(PluginLoader.java:75)
	at org.mockito.internal.configuration.plugins.PluginLoader.loadPlugin(PluginLoader.java:49)
	at org.mockito.internal.configuration.plugins.PluginRegistry.<init>(PluginRegistry.java:29)
	at org.mockito.internal.configuration.plugins.Plugins.<clinit>(Plugins.java:26)
	at org.mockito.internal.MockitoCore.<clinit>(MockitoCore.java:71)
	at org.mockito.Mockito.<clinit>(Mockito.java:1777)
	at br.com.telico.classroom_service.service.ClassroomServiceTest.shouldThrowClassroomNotFoundExceptionWhenClassroomDoesNotExist(ClassroomServiceTest.java:105)
Caused by: java.lang.reflect.InvocationTargetException
	at java.base/jdk.internal.reflect.DirectConstructorHandleAccessor.newInstance(DirectConstructorHandleAccessor.java:74)
	at java.base/java.lang.reflect.Constructor.newInstanceWithCaller(Constructor.java:502)
	at java.base/java.lang.reflect.Constructor.newInstance(Constructor.java:486)
	at org.mockito.internal.configuration.plugins.DefaultMockitoPlugins.create(DefaultMockitoPlugins.java:103)
	... 8 more
Caused by: org.mockito.exceptions.base.MockitoInitializationException: 
Could not initialize inline Byte Buddy mock maker.

It appears as if your JDK does not supply a working agent attachment mechanism.
Java               : 21
JVM vendor name    : Eclipse Adoptium
JVM vendor version : 21.0.8+9-LTS
JVM name           : OpenJDK 64-Bit Server VM
JVM version        : 21.0.8+9-LTS
JVM info           : mixed mode, sharing
OS name            : Linux
OS version         : 6.17.9-76061709-generic

	at org.mockito.internal.creation.bytebuddy.InlineDelegateByteBuddyMockMaker.<init>(InlineDelegateByteBuddyMockMaker.java:275)
	at org.mockito.internal.creation.bytebuddy.InlineByteBuddyMockMaker.<init>(InlineByteBuddyMockMaker.java:23)
	at java.base/jdk.internal.reflect.DirectConstructorHandleAccessor.newInstance(DirectConstructorHandleAccessor.java:62)
	... 11 more
Caused by: java.lang.IllegalStateException: Could not self-attach to current VM using external process - set a property net.bytebuddy.agent.attacher.dump to dump the process output to a file at the specified location
	at net.bytebuddy.agent.ByteBuddyAgent.installExternal(ByteBuddyAgent.java:672)
	at net.bytebuddy.agent.ByteBuddyAgent.install(ByteBuddyAgent.java:599)
	at net.bytebuddy.agent.ByteBuddyAgent.install(ByteBuddyAgent.java:579)
	at net.bytebuddy.agent.ByteBuddyAgent.install(ByteBuddyAgent.java:531)
	at net.bytebuddy.agent.ByteBuddyAgent.install(ByteBuddyAgent.java:508)
	at org.mockito.internal.PremainAttachAccess.getInstrumentation(PremainAttachAccess.java:80)
	at org.mockito.internal.creation.bytebuddy.InlineDelegateByteBuddyMockMaker.<clinit>(InlineDelegateByteBuddyMockMaker.java:138)
	... 13 more
]]></error>
  </testcase>
</testsuite>